<?xml version="1.0" encoding="UTF-8"?>
<!-- Generated by org.testng.reporters.JUnitReportReporter -->
<testsuite hostname="Rakesh" failures="0" tests="2" name="parallelTest.TwoTest" time="26.305" errors="0" timestamp="2023-06-07T22:05:14 IST" skipped="0">
  <testcase classname="parallelTest.TwoTest" name="AlertTest" time="13.329"/>
  <system-out/>
  <testcase classname="parallelTest.TwoTest" name="DragAndDropTest" time="12.976"/>
  <system-out/>
</testsuite> <!-- parallelTest.TwoTest -->
