<?xml version="1.0" encoding="UTF-8"?>
<!-- Generated by org.testng.reporters.JUnitReportReporter -->
<testsuite hostname="Rakesh" failures="0" tests="5" name="package2.NewTest" time="0.003" errors="0" timestamp="2023-06-07T21:04:32 IST" skipped="2">
  <testcase classname="package2.NewTest" name="Test3" time="0.001"/>
  <system-out/>
  <testcase classname="package2.NewTest" name="Test1" time="0.001"/>
  <system-out/>
  <testcase classname="package2.NewTest" name="Test2" time="0.001"/>
  <system-out/>
  <testcase classname="package2.NewTest" name="Test4">
    <skipped/>
  </testcase> <!-- Test4 -->
  <system-out/>
  <testcase classname="package2.NewTest" name="Test5">
    <skipped/>
  </testcase> <!-- Test5 -->
  <system-out/>
</testsuite> <!-- package2.NewTest -->
