<?xml version="1.0" encoding="UTF-8"?>
<!-- Generated by org.testng.reporters.JUnitReportReporter -->
<testsuite hostname="Rakesh" failures="0" tests="3" name="package3.DependsOnTest" time="0.001" errors="0" timestamp="2023-06-07T21:04:32 IST" skipped="0">
  <testcase classname="package3.DependsOnTest" name="Test3" time="0.001"/>
  <system-out/>
  <testcase classname="package3.DependsOnTest" name="Test2" time="0.000"/>
  <system-out/>
  <testcase classname="package3.DependsOnTest" name="Test1" time="0.000"/>
  <system-out/>
</testsuite> <!-- package3.DependsOnTest -->
