<?xml version="1.0" encoding="UTF-8"?>
<!-- Generated by org.testng.reporters.JUnitReportReporter -->
<testsuite hostname="Rakesh" failures="0" tests="2" name="package1.CreateNewCustomerTest" time="0.002" errors="0" timestamp="2023-06-07T21:04:32 IST" skipped="0">
  <testcase classname="package1.CreateNewCustomerTest" name="create" time="0.001"/>
  <system-out/>
  <testcase classname="package1.CreateNewCustomerTest" name="modify" time="0.001"/>
  <system-out/>
</testsuite> <!-- package1.CreateNewCustomerTest -->
