<?xml version="1.0" encoding="UTF-8"?>
<!-- Generated by org.testng.reporters.JUnitReportReporter -->
<testsuite hostname="Rakesh" failures="0" tests="1" name="package2.ModifyCustomerTest" time="0.003" errors="0" timestamp="2023-06-07T21:27:23 IST" skipped="0">
  <testcase classname="package2.ModifyCustomerTest" name="modifyCustomer" time="0.003"/>
  <system-out/>
</testsuite> <!-- package2.ModifyCustomerTest -->
