<?xml version="1.0" encoding="UTF-8"?>
<!-- Generated by org.testng.reporters.JUnitReportReporter -->
<testsuite hostname="Rakesh" failures="0" tests="3" name="package2.EnabledAndDisbaledTest" time="0.003" errors="0" timestamp="2023-06-07T21:31:00 IST" skipped="2">
  <testcase classname="package2.EnabledAndDisbaledTest" name="Test2" time="0.003"/>
  <system-out/>
  <testcase classname="package2.EnabledAndDisbaledTest" name="Test4">
    <skipped/>
  </testcase> <!-- Test4 -->
  <system-out/>
  <testcase classname="package2.EnabledAndDisbaledTest" name="Test3">
    <skipped/>
  </testcase> <!-- Test3 -->
  <system-out/>
</testsuite> <!-- package2.EnabledAndDisbaledTest -->
