<?xml version="1.0" encoding="UTF-8"?>
<!-- Generated by org.testng.reporters.JUnitReportReporter -->
<testsuite hostname="Rakesh" failures="0" tests="3" name="package1.RegistrationTest" time="0.005" errors="0" timestamp="2023-06-07T21:04:32 IST" skipped="0">
  <testcase classname="package1.RegistrationTest" name="_$_$_$_$_$_$_$_$" time="0.002"/>
  <system-out/>
  <testcase classname="package1.RegistrationTest" name="registration" time="0.001"/>
  <system-out/>
  <testcase classname="package1.RegistrationTest" name="automaiton" time="0.002"/>
  <system-out/>
</testsuite> <!-- package1.RegistrationTest -->
