<?xml version="1.0" encoding="UTF-8"?>
<!-- Generated by org.testng.reporters.JUnitReportReporter -->
<testsuite hostname="Rakesh" failures="0" tests="3" name="package1.LoginTest" time="0.006" errors="0" timestamp="2023-06-07T21:31:00 IST" skipped="0">
  <testcase classname="package1.LoginTest" name="login4" time="0.002"/>
  <system-out/>
  <testcase classname="package1.LoginTest" name="login3" time="0.001"/>
  <system-out/>
  <testcase classname="package1.LoginTest" name="login2" time="0.003"/>
  <system-out/>
</testsuite> <!-- package1.LoginTest -->
