<?xml version="1.0" encoding="UTF-8"?>
<!-- Generated by org.testng.reporters.JUnitReportReporter -->
<testsuite hostname="DESKTOP-GEU29MO" failures="0" tests="5" name="package2.NewTest" time="0.032" errors="0" timestamp="2023-06-21T15:05:13 IST" skipped="2">
  <testcase classname="package2.NewTest" name="Test1" time="0.018"/>
  <testcase classname="package2.NewTest" name="Test2" time="0.006"/>
  <testcase classname="package2.NewTest" name="Test3" time="0.008"/>
  <testcase classname="package2.NewTest" name="Test4">
    <skipped/>
  </testcase> <!-- Test4 -->
  <testcase classname="package2.NewTest" name="Test5">
    <skipped/>
  </testcase> <!-- Test5 -->
</testsuite> <!-- package2.NewTest -->
