<?xml version="1.0" encoding="UTF-8"?>
<!-- Generated by org.testng.reporters.JUnitReportReporter -->
<testsuite hostname="Rakesh" failures="0" tests="1" name="TestCases.ExcelUserTest" time="8.049" errors="0" timestamp="2023-06-09T21:16:51 IST" skipped="0">
  <testcase classname="TestCases.ExcelUserTest" name="loginUserTest" time="8.049"/>
  <system-out/>
</testsuite> <!-- TestCases.ExcelUserTest -->
