<?xml version="1.0" encoding="UTF-8"?>
<!-- Generated by org.testng.reporters.JUnitReportReporter -->
<testsuite hostname="Rakesh" failures="0" tests="4" name="package3.PreserveOrderTest" time="0.009" errors="0" timestamp="2023-06-07T21:04:32 IST" skipped="0">
  <testcase classname="package3.PreserveOrderTest" name="B" time="0.001"/>
  <system-out/>
  <testcase classname="package3.PreserveOrderTest" name="A" time="0.001"/>
  <system-out/>
  <testcase classname="package3.PreserveOrderTest" name="C" time="0.005"/>
  <system-out/>
  <testcase classname="package3.PreserveOrderTest" name="D" time="0.002"/>
  <system-out/>
</testsuite> <!-- package3.PreserveOrderTest -->
